\BOOKMARK [2][-]{section*.1}{\376\377\000R\000\040\000M\000a\000r\000k\000d\000o\000w\000n}{}% 1
\BOOKMARK [2][-]{section*.2}{\376\377\000I\000n\000c\000l\000u\000d\000i\000n\000g\000\040\000P\000l\000o\000t\000s}{}% 2
\BOOKMARK [1][-]{section*.3}{\376\377\000D\000a\000t\000a\000\040\000p\000a\000r\000t\000i\000t\000i\000o\000n\000\040\0006\0000\000\045\000\040\000t\000r\000a\000i\000n\000i\000n\000g\000\040\0004\0000\000\045\000\040\000t\000e\000s\000t\000i\000n\000g}{}% 3
\BOOKMARK [1][-]{section*.4}{\376\377\000k\000n\000n\000\040\000m\000o\000d\000e\000l\000\040\000s\000t\000a\000r\000t\000\040\000h\000e\000r\000e\000\040\000i\000n\000p\000u\000t\000\040\000v\000a\000r\000i\000a\000b\000l\000e\000\040\000x\000\040\000a\000n\000d\000\040\000y\000\040\000c\000l\000\040\000=}{}% 4
\BOOKMARK [2][-]{section*.5}{\376\377\000f\000a\000s\000t\000\040\000m\000e\000l\000t\000\040\000a\000\040\000d\000a\000t\000a\000.\000t\000a\000b\000l\000e}{section*.4}% 5
\BOOKMARK [2][-]{section*.6}{\376\377\000S\0003\000\040\000m\000e\000t\000h\000o\000d\000\040\000f\000o\000r\000\040\000c\000l\000a\000s\000s\000\040\000`\000d\000a\000t\000a\000.\000t\000a\000b\000l\000e\000'}{section*.4}% 6
\BOOKMARK [2][-]{section*.7}{\376\377\000m\000e\000l\000t\000\050\000d\000a\000t\000a\000,\000\040\000i\000d\000.\000v\000a\000r\000s\000,\000\040\000m\000e\000a\000s\000u\000r\000e\000.\000v\000a\000r\000s\000,}{section*.4}% 7
\BOOKMARK [2][-]{section*.8}{\376\377\000t\000e\000s\000t\000i\000n\000g\000\040\000a\000n\000\040\000e\000x\000a\000m\000p\000l\000e\000\040\000t\000h\000a\000t\000\040\000I\000\040\000f\000o\000u\000n\000d\000\040\000t\000o\000\040\000s\000e\000e\000\040\000h\000o\000w\000\040\000t\000h\000i\000s\000\040\000w\000o\000r\000k\000s}{section*.4}% 8
\BOOKMARK [3][-]{section*.10}{\376\377\000T\000r\000y\000i\000n\000g\000\040\000t\000h\000i\000s\000\040\000w\000i\000t\000h\000\040\000u\000n\000i\000v\000e\000r\000s\000a\000l\000b\000a\000n\000k\000\040\000f\000i\000l\000e\000s\000\040\000i\000n\000\040\000m\000y\000\040\000e\000n\000v\000i\000r\000o\000n\000m\000e\000n\000t}{section*.8}% 9
\BOOKMARK [2][-]{section*.11}{\376\377\000T\000h\000e\000r\000e\000\040\000i\000s\000\040\000s\000o\000m\000e\000t\000h\000i\000n\000g\000\040\000w\000r\000o\000n\000g\000\040\000w\000i\000t\000h\000\040\000t\000h\000i\000s}{section*.4}% 10
\BOOKMARK [3][-]{section*.12}{\376\377\000I\000'\000m\000\040\000g\000e\000t\000t\000i\000n\000g\000\040\000e\000r\000r\000o\000r\000s}{section*.11}% 11
\BOOKMARK [1][-]{section*.13}{\376\377\000E\000r\000r\000o\000r\000:\000\040\000C\000a\000n\000'\000t\000\040\000s\000u\000b\000s\000e\000t\000\040\000c\000o\000l\000u\000m\000n\000s\000\040\000t\000h\000a\000t\000\040\000d\000o\000n\000'\000t\000\040\000e\000x\000i\000s\000t\000.}{}% 12
\BOOKMARK [1][-]{section*.14}{\376\377\000x\000\040\000L\000o\000c\000a\000t\000i\000o\000n\000s\000\040\0004\0005\0005\0008\000,\000\040\0005\0005\0006\0008\000,\000\040\0005\0006\0009\0009\000,\000\040\0003\0001\0008\0005\000,\000\040\0003\0004\0006\0001\000,\000\040\000e\000t\000c\000.\000\040\000d\000o\000n\000'\000t\000\040\000e\000x\000i\000s\000t\000.}{}% 13
\BOOKMARK [1][-]{section*.15}{\376\377\000i\000\040\000T\000h\000e\000r\000e\000\040\000a\000r\000e\000\040\000o\000n\000l\000y\000\040\0001\0004\000\040\000c\000o\000l\000u\000m\000n\000s\000.}{}% 14
\BOOKMARK [1][-]{section*.16}{\376\377\000R\000u\000n\000\040\000r\000l\000a\000n\000g\000:\000:\000l\000a\000s\000t\000\137\000e\000r\000r\000o\000r\000\050\000\051\000\040\000t\000o\000\040\000s\000e\000e\000\040\000w\000h\000e\000r\000e\000\040\000t\000h\000e\000\040\000e\000r\000r\000o\000r\000\040\000o\000c\000c\000u\000r\000r\000e\000d\000.}{}% 15
\BOOKMARK [1][-]{section*.17}{\376\377\000I\000n\000\040\000a\000d\000d\000i\000t\000i\000o\000n\000:\000\040\000W\000a\000r\000n\000i\000n\000g\000\040\000m\000e\000s\000s\000a\000g\000e\000:}{}% 16
\BOOKMARK [1][-]{section*.18}{\376\377\000I\000n\000\040\000x\000t\000f\000r\000m\000.\000d\000a\000t\000a\000.\000f\000r\000a\000m\000e\000\050\000x\000\051\000\040\000:\000\040\000c\000a\000n\000n\000o\000t\000\040\000x\000t\000f\000r\000m\000\040\000d\000a\000t\000a\000\040\000f\000r\000a\000m\000e\000s}{}% 17
\BOOKMARK [1][-]{section*.19}{\376\377\000>\000\040\000U\000n\000i\000v\000e\000r\000s\000a\000l\000B\000a\000n\000k\0002\000\137\000t\000r\000a\000i\000n\000\137\000d\000f\000\137\000L\000\137\000t\000o\000\137\000W}{}% 18
\BOOKMARK [1][-]{section*.20}{\376\377\000E\000r\000r\000o\000r\000:\000\040\000o\000b\000j\000e\000c\000t\000\040\000`\000U\000n\000i\000v\000e\000r\000s\000a\000l\000B\000a\000n\000k\0002\000\137\000t\000r\000a\000i\000n\000\137\000d\000f\000\137\000L\000\137\000t\000o\000\137\000W\000'\000\040\000n\000o\000t\000\040\000f\000o\000u\000n\000d}{}% 19
\BOOKMARK [1][-]{section*.21}{\376\377\000>\000\040\000U\000n\000i\000v\000e\000r\000s\000a\000l\000B\000a\000n\000k\0002\000\137\000t\000r\000a\000i\000n\000\137\000d\000f\000\137\000L\000\137\000t\000o\000\137\000W\000\040\000=\000\040\000d\000c\000a\000s\000t\000\050\000U\000n\000i\000v\000e\000r\000s\000a\000l\000B\000a\000n\000k\0002\000\137\000t\000r\000a\000i\000n\000\137\000d\000f\000\137\000w\000\137\000t\000o\000\137\000L\000,\000\040\000\043\000\040\000U\000n\000i\000v\000e\000r\000s\000a\000l\000B\000a\000n\000k\0002\000\137\000t\000r\000a\000i\000n\000\137\000d\000f\000\137\000w\000\137\000t\000o\000\137\000L\000\176\000v\000a\000r\000i\000a\000b\000l\000e\000,\000c\000o\000u\000n\000t\000\051}{}% 20
\BOOKMARK [1][-]{section*.22}{\376\377\000E\000r\000r\000o\000r\000\040\000i\000n\000\040\000[\000.\000d\000a\000t\000a\000.\000f\000r\000a\000m\000e\000\050\000x\000,\000\040\000o\000r\000d\000e\000r\000\050\000x\000,\000\040\000n\000a\000.\000l\000a\000s\000t\000\040\000=\000\040\000n\000a\000.\000l\000a\000s\000t\000,\000\040\000d\000e\000c\000r\000e\000a\000s\000i\000n\000g\000\040\000=\000\040\000d\000e\000c\000r\000e\000a\000s\000i\000n\000g\000\051\000\051\000\040\000:}{}% 21
\BOOKMARK [1][-]{section*.23}{\376\377\000u\000n\000d\000e\000f\000i\000n\000e\000d\000\040\000c\000o\000l\000u\000m\000n\000s\000\040\000s\000e\000l\000e\000c\000t\000e\000d}{}% 22
\BOOKMARK [1][-]{section*.24}{\376\377\000I\000n\000\040\000a\000d\000d\000i\000t\000i\000o\000n\000:\000\040\000W\000a\000r\000n\000i\000n\000g\000\040\000m\000e\000s\000s\000a\000g\000e\000:}{}% 23
\BOOKMARK [1][-]{section*.25}{\376\377\000I\000n\000\040\000x\000t\000f\000r\000m\000.\000d\000a\000t\000a\000.\000f\000r\000a\000m\000e\000\050\000x\000\051\000\040\000:\000\040\000c\000a\000n\000n\000o\000t\000\040\000x\000t\000f\000r\000m\000\040\000d\000a\000t\000a\000\040\000f\000r\000a\000m\000e\000s}{}% 24
\BOOKMARK [2][-]{section*.26}{\376\377\000T\000h\000e\000r\000e\000\040\000i\000s\000\040\000s\000o\000m\000e\000t\000h\000i\000n\000g\000\040\000w\000r\000o\000n\000g\000\040\000w\000i\000t\000h\000\040\000t\000h\000i\000s\000\040\000-\000\040\000t\000r\000y\000i\000n\000g\000\040\000t\000o\000\040\000f\000i\000g\000u\000r\000e\000\040\000i\000t\000\040\000o\000u\000t}{section*.25}% 25
